<?xml version="1.0" encoding="UTF-8"?>
<testsuites name="LoginTestSuite" time="68.261" tests="3" failures="1" skips="0" errors="0">
   <testsuite name="LoginTestSuite" tests="3" failures="1" errors="0" time="68.261" skips="0" timestamp="2021-01-25 08:26:11" hostname="PNV - SGH649TX82.kms.com.vn" id="Test Suites/LoginTestSuite">
      <properties>
         <property name="deviceName" value=""/>
         <property name="devicePlatform" value=""/>
         <property name="logFolder" value="C:\\Users\\PNV\\git\\BigC_KatalonGit\\BigC_KatalonGit\\BigC_KatalonGit\\Reports\\20210125_082608\\LoginTestSuite\\20210125_082608"/>
         <property name="logFiles" value="C:\\Users\\PNV\\git\\BigC_KatalonGit\\BigC_KatalonGit\\BigC_KatalonGit\\Reports\\20210125_082608\\LoginTestSuite\\20210125_082608\\execution0.log"/>
         <property name="attachments" value="C:\\Users\\PNV\\git\\BigC_KatalonGit\\BigC_KatalonGit\\BigC_KatalonGit\\Reports\\20210125_082608\\LoginTestSuite\\20210125_082608\\1611538027803.png"/>
         <property name="hostName" value="PNV - SGH649TX82.kms.com.vn"/>
         <property name="os" value="Windows 10 64bit"/>
         <property name="katalonVersion" value="7.8.1.208"/>
         <property name="browser" value="Chrome 87.0.4280.141"/>
         <property name="hostAddress" value="192.168.182.16"/>
         <property name="sessionId" value="d30608540507d16ae7432c4372501d8c"/>
         <property name="seleniumVersion" value="3.141.59"/>
         <property name="proxyInformation" value="ProxyInformation { proxyOption=NO_PROXY, proxyServerType=HTTP, username=, password=********, proxyServerAddress=, proxyServerPort=0, executionList=&quot;&quot;, isApplyToDesiredCapabilities=true }"/>
         <property name="platform" value="Windows 10"/>
      </properties>
      <testcase name="Test Cases/Login/TestLogin" time="20.194" classname="Test Cases/Login/TestLogin" status="PASSED">
         <system-out><![CDATA[2021-01-25 08:26:12 - [TEST_CASE][PASSED] - Test Cases/Login/TestLogin: Test Cases/Login/TestLogin

2021-01-25 08:26:12 - [TEST_STEP][PASSED] - openBrowser(""): Browser is opened with url: ''

2021-01-25 08:26:13 - [MESSAGE][INFO] - Starting 'Chrome' driver

2021-01-25 08:26:13 - [MESSAGE][INFO] - Action delay is set to 0 milliseconds

2021-01-25 08:26:19 - [MESSAGE][PASSED] - Browser is opened with url: ''

2021-01-25 08:26:19 - [TEST_STEP][PASSED] - navigateToUrl("https://www.bigc.vn/"): Navigate to 'https://www.bigc.vn/' successfully

2021-01-25 08:26:24 - [MESSAGE][PASSED] - Navigate to 'https://www.bigc.vn/' successfully

2021-01-25 08:26:24 - [TEST_STEP][PASSED] - click(findTestObject("Object Repository/LoginScript/Page_Gi lun lun thp  Big C Supercenter/a_NG NHP")): Object: 'Object Repository/LoginScript/Page_Gi lun lun thp  Big C Supercenter/a_NG NHP' is clicked on

2021-01-25 08:26:24 - [MESSAGE][PASSED] - Object: 'Object Repository/LoginScript/Page_Gi lun lun thp  Big C Supercenter/a_NG NHP' is clicked on

2021-01-25 08:26:24 - [TEST_STEP][PASSED] - setText(findTestObject("Object Repository/LoginScript/Page_Gi lun lun thp  Big C Supercenter/input_NG K_email"), username): Text 'sim.ho21@student.passerellesnumeriques.org ' is set on object 'Object Repository/LoginScript/Page_Gi lun lun thp  Big C Supercenter/input_NG K_email'

2021-01-25 08:26:25 - [MESSAGE][PASSED] - Text 'sim.ho21@student.passerellesnumeriques.org ' is set on object 'Object Repository/LoginScript/Page_Gi lun lun thp  Big C Supercenter/input_NG K_email'

2021-01-25 08:26:25 - [TEST_STEP][PASSED] - setEncryptedText(findTestObject("Object Repository/LoginScript/Page_Gi lun lun thp  Big C Supercenter/input_NG K_password"), password): Text ****** has been set on object 'Object Repository/LoginScript/Page_Gi lun lun thp  Big C Supercenter/input_NG K_password'

2021-01-25 08:26:26 - [MESSAGE][PASSED] - Text ****** has been set on object 'Object Repository/LoginScript/Page_Gi lun lun thp  Big C Supercenter/input_NG K_password'

2021-01-25 08:26:26 - [TEST_STEP][PASSED] - click(findTestObject("Object Repository/LoginScript/Page_Gi lun lun thp  Big C Supercenter/button_NG NHP")): Object: 'Object Repository/LoginScript/Page_Gi lun lun thp  Big C Supercenter/button_NG NHP' is clicked on

2021-01-25 08:26:26 - [MESSAGE][PASSED] - Object: 'Object Repository/LoginScript/Page_Gi lun lun thp  Big C Supercenter/button_NG NHP' is clicked on

2021-01-25 08:26:26 - [TEST_STEP][PASSED] - click(findTestObject("Object Repository/LoginScript/Page_Gi lun lun thp  Big C Supercenter/a_Tin tc Big C")): Object: 'Object Repository/LoginScript/Page_Gi lun lun thp  Big C Supercenter/a_Tin tc Big C' is clicked on

2021-01-25 08:26:31 - [MESSAGE][PASSED] - Object: 'Object Repository/LoginScript/Page_Gi lun lun thp  Big C Supercenter/a_Tin tc Big C' is clicked on

2021-01-25 08:26:31 - [TEST_STEP][PASSED] - closeBrowser(): Browser is closed

2021-01-25 08:26:32 - [MESSAGE][PASSED] - Browser is closed]]></system-out>
         <system-err><![CDATA[]]></system-err>
      </testcase>
      <testcase name="Test Cases/Login/TestLogin" time="19.607" classname="Test Cases/Login/TestLogin" status="PASSED">
         <system-out><![CDATA[2021-01-25 08:26:32 - [TEST_CASE][PASSED] - Test Cases/Login/TestLogin: Test Cases/Login/TestLogin

2021-01-25 08:26:32 - [TEST_STEP][PASSED] - openBrowser(""): Browser is opened with url: ''

2021-01-25 08:26:32 - [MESSAGE][INFO] - Starting 'Chrome' driver

2021-01-25 08:26:32 - [MESSAGE][INFO] - Action delay is set to 0 milliseconds

2021-01-25 08:26:38 - [MESSAGE][PASSED] - Browser is opened with url: ''

2021-01-25 08:26:38 - [TEST_STEP][PASSED] - navigateToUrl("https://www.bigc.vn/"): Navigate to 'https://www.bigc.vn/' successfully

2021-01-25 08:26:43 - [MESSAGE][PASSED] - Navigate to 'https://www.bigc.vn/' successfully

2021-01-25 08:26:43 - [TEST_STEP][PASSED] - click(findTestObject("Object Repository/LoginScript/Page_Gi lun lun thp  Big C Supercenter/a_NG NHP")): Object: 'Object Repository/LoginScript/Page_Gi lun lun thp  Big C Supercenter/a_NG NHP' is clicked on

2021-01-25 08:26:44 - [MESSAGE][PASSED] - Object: 'Object Repository/LoginScript/Page_Gi lun lun thp  Big C Supercenter/a_NG NHP' is clicked on

2021-01-25 08:26:44 - [TEST_STEP][PASSED] - setText(findTestObject("Object Repository/LoginScript/Page_Gi lun lun thp  Big C Supercenter/input_NG K_email"), username): Text 'thao.nguyen21@student.passerellesnumeriques.org' is set on object 'Object Repository/LoginScript/Page_Gi lun lun thp  Big C Supercenter/input_NG K_email'

2021-01-25 08:26:45 - [MESSAGE][PASSED] - Text 'thao.nguyen21@student.passerellesnumeriques.org' is set on object 'Object Repository/LoginScript/Page_Gi lun lun thp  Big C Supercenter/input_NG K_email'

2021-01-25 08:26:45 - [TEST_STEP][PASSED] - setEncryptedText(findTestObject("Object Repository/LoginScript/Page_Gi lun lun thp  Big C Supercenter/input_NG K_password"), password): Text ****** has been set on object 'Object Repository/LoginScript/Page_Gi lun lun thp  Big C Supercenter/input_NG K_password'

2021-01-25 08:26:45 - [MESSAGE][PASSED] - Text ****** has been set on object 'Object Repository/LoginScript/Page_Gi lun lun thp  Big C Supercenter/input_NG K_password'

2021-01-25 08:26:45 - [TEST_STEP][PASSED] - click(findTestObject("Object Repository/LoginScript/Page_Gi lun lun thp  Big C Supercenter/button_NG NHP")): Object: 'Object Repository/LoginScript/Page_Gi lun lun thp  Big C Supercenter/button_NG NHP' is clicked on

2021-01-25 08:26:46 - [MESSAGE][PASSED] - Object: 'Object Repository/LoginScript/Page_Gi lun lun thp  Big C Supercenter/button_NG NHP' is clicked on

2021-01-25 08:26:46 - [TEST_STEP][PASSED] - click(findTestObject("Object Repository/LoginScript/Page_Gi lun lun thp  Big C Supercenter/a_Tin tc Big C")): Object: 'Object Repository/LoginScript/Page_Gi lun lun thp  Big C Supercenter/a_Tin tc Big C' is clicked on

2021-01-25 08:26:51 - [MESSAGE][PASSED] - Object: 'Object Repository/LoginScript/Page_Gi lun lun thp  Big C Supercenter/a_Tin tc Big C' is clicked on

2021-01-25 08:26:51 - [TEST_STEP][PASSED] - closeBrowser(): Browser is closed

2021-01-25 08:26:52 - [MESSAGE][PASSED] - Browser is closed]]></system-out>
         <system-err><![CDATA[]]></system-err>
      </testcase>
      <testcase name="Test Cases/Login/TestLogin" time="27.538" classname="Test Cases/Login/TestLogin" status="FAILED">
         <failure type="FAILED" message="Test Cases/Login/TestLogin FAILED.
Reason:
com.kms.katalon.core.exception.StepFailedException: Unable to click on object 'Object Repository/LoginScript/Page_Gi lun lun thp  Big C Supercenter/a_Tin tc Big C'
	at com.kms.katalon.core.webui.keyword.internal.WebUIKeywordMain.stepFailed(WebUIKeywordMain.groovy:64)
	at com.kms.katalon.core.webui.keyword.internal.WebUIKeywordMain.runKeyword(WebUIKeywordMain.groovy:26)
	at com.kms.katalon.core.webui.keyword.builtin.ClickKeyword.click(ClickKeyword.groovy:76)
	at com.kms.katalon.core.webui.keyword.builtin.ClickKeyword.execute(ClickKeyword.groovy:43)
	at com.kms.katalon.core.keyword.internal.KeywordExecutor.executeKeywordForPlatform(KeywordExecutor.groovy:73)
	at com.kms.katalon.core.webui.keyword.WebUiBuiltInKeywords.click(WebUiBuiltInKeywords.groovy:617)
	at com.kms.katalon.core.webui.keyword.WebUiBuiltInKeywords$click$1.call(Unknown Source)
	at TestLogin.run(TestLogin:32)
	at com.kms.katalon.core.main.ScriptEngine.run(ScriptEngine.java:194)
	at com.kms.katalon.core.main.ScriptEngine.runScriptAsRawText(ScriptEngine.java:119)
	at com.kms.katalon.core.main.TestCaseExecutor.runScript(TestCaseExecutor.java:393)
	at com.kms.katalon.core.main.TestCaseExecutor.doExecute(TestCaseExecutor.java:384)
	at com.kms.katalon.core.main.TestCaseExecutor.processExecutionPhase(TestCaseExecutor.java:363)
	at com.kms.katalon.core.main.TestCaseExecutor.accessMainPhase(TestCaseExecutor.java:355)
	at com.kms.katalon.core.main.TestCaseExecutor.execute(TestCaseExecutor.java:251)
	at com.kms.katalon.core.main.TestSuiteExecutor.accessTestCaseMainPhase(TestSuiteExecutor.java:203)
	at com.kms.katalon.core.main.TestSuiteExecutor.accessTestSuiteMainPhase(TestSuiteExecutor.java:152)
	at com.kms.katalon.core.main.TestSuiteExecutor.execute(TestSuiteExecutor.java:95)
	at com.kms.katalon.core.main.TestCaseMain.startTestSuite(TestCaseMain.java:157)
	at com.kms.katalon.core.main.TestCaseMain$startTestSuite$0.call(Unknown Source)
	at TempTestSuite1611537968777.run(TempTestSuite1611537968777.groovy:39)
Caused by: org.openqa.selenium.ElementClickInterceptedException: element click intercepted: Element &lt;a href=&quot;/tin-tuc.html&quot;>...&lt;/a> is not clickable at point (507, 56). Other element would receive the click: &lt;div class=&quot;modal fade auth-modal show&quot; id=&quot;auth-form-modal&quot; tabindex=&quot;-1&quot; role=&quot;dialog&quot; aria-modal=&quot;true&quot; style=&quot;padding-right: 17px; display: block;&quot;>...&lt;/div>
  (Session info: chrome=87.0.4280.141)
Build info: version: '3.141.59', revision: 'e82be7d358', time: '2018-11-14T08:25:53'
System info: host: 'SGH649TX82', ip: '192.168.182.16', os.name: 'Windows 10', os.arch: 'amd64', os.version: '10.0', java.version: '1.8.0_181'
Driver info: com.kms.katalon.selenium.driver.CChromeDriver
Capabilities {acceptInsecureCerts: false, browserName: chrome, browserVersion: 87.0.4280.141, chrome: {chromedriverVersion: 86.0.4240.22 (398b0743353ff..., userDataDir: C:\Users\PNV\AppData\Local\...}, goog:chromeOptions: {debuggerAddress: localhost:58577}, javascriptEnabled: true, networkConnectionEnabled: false, pageLoadStrategy: normal, platform: WINDOWS, platformName: WINDOWS, proxy: Proxy(), setWindowRect: true, strictFileInteractability: false, timeouts: {implicit: 0, pageLoad: 300000, script: 30000}, unhandledPromptBehavior: dismiss and notify, webauthn:virtualAuthenticators: true}
Session ID: d30608540507d16ae7432c4372501d8c
	at org.openqa.selenium.remote.http.W3CHttpResponseCodec.createException(W3CHttpResponseCodec.java:187)
	at org.openqa.selenium.remote.http.W3CHttpResponseCodec.decode(W3CHttpResponseCodec.java:122)
	at org.openqa.selenium.remote.http.W3CHttpResponseCodec.decode(W3CHttpResponseCodec.java:49)
	at org.openqa.selenium.remote.HttpCommandExecutor.execute(HttpCommandExecutor.java:158)
	at org.openqa.selenium.remote.service.DriverCommandExecutor.execute(DriverCommandExecutor.java:83)
	at org.openqa.selenium.remote.RemoteWebDriver.execute(RemoteWebDriver.java:552)
	at com.kms.katalon.selenium.driver.CChromeDriver.execute(CChromeDriver.java:19)
	at org.openqa.selenium.remote.RemoteWebElement.execute(RemoteWebElement.java:285)
	at org.openqa.selenium.remote.RemoteWebElement.click(RemoteWebElement.java:84)
	at org.openqa.selenium.support.events.EventFiringWebDriver$EventFiringWebElement.lambda$new$0(EventFiringWebDriver.java:404)
	at com.sun.proxy.$Proxy12.click(Unknown Source)
	at org.openqa.selenium.support.events.EventFiringWebDriver$EventFiringWebElement.click(EventFiringWebDriver.java:417)
	at com.kms.katalon.core.webui.keyword.builtin.ClickKeyword$_click_closure1.doCall(ClickKeyword.groovy:69)
	at com.kms.katalon.core.webui.keyword.builtin.ClickKeyword$_click_closure1.call(ClickKeyword.groovy)
	at com.kms.katalon.core.webui.keyword.internal.WebUIKeywordMain.runKeyword(WebUIKeywordMain.groovy:20)
	... 19 more
"/>
         <system-out><![CDATA[2021-01-25 08:26:52 - [TEST_CASE][FAILED] - Test Cases/Login/TestLogin: Test Cases/Login/TestLogin FAILED.
Reason:
com.kms.katalon.core.exception.StepFailedException: Unable to click on object 'Object Repository/LoginScript/Page_Gi lun lun thp  Big C Supercenter/a_Tin tc Big C'
	at com.kms.katalon.core.webui.keyword.internal.WebUIKeywordMain.stepFailed(WebUIKeywordMain.groovy:64)
	at com.kms.katalon.core.webui.keyword.internal.WebUIKeywordMain.runKeyword(WebUIKeywordMain.groovy:26)
	at com.kms.katalon.core.webui.keyword.builtin.ClickKeyword.click(ClickKeyword.groovy:76)
	at com.kms.katalon.core.webui.keyword.builtin.ClickKeyword.execute(ClickKeyword.groovy:43)
	at com.kms.katalon.core.keyword.internal.KeywordExecutor.executeKeywordForPlatform(KeywordExecutor.groovy:73)
	at com.kms.katalon.core.webui.keyword.WebUiBuiltInKeywords.click(WebUiBuiltInKeywords.groovy:617)
	at com.kms.katalon.core.webui.keyword.WebUiBuiltInKeywords$click$1.call(Unknown Source)
	at TestLogin.run(TestLogin:32)
	at com.kms.katalon.core.main.ScriptEngine.run(ScriptEngine.java:194)
	at com.kms.katalon.core.main.ScriptEngine.runScriptAsRawText(ScriptEngine.java:119)
	at com.kms.katalon.core.main.TestCaseExecutor.runScript(TestCaseExecutor.java:393)
	at com.kms.katalon.core.main.TestCaseExecutor.doExecute(TestCaseExecutor.java:384)
	at com.kms.katalon.core.main.TestCaseExecutor.processExecutionPhase(TestCaseExecutor.java:363)
	at com.kms.katalon.core.main.TestCaseExecutor.accessMainPhase(TestCaseExecutor.java:355)
	at com.kms.katalon.core.main.TestCaseExecutor.execute(TestCaseExecutor.java:251)
	at com.kms.katalon.core.main.TestSuiteExecutor.accessTestCaseMainPhase(TestSuiteExecutor.java:203)
	at com.kms.katalon.core.main.TestSuiteExecutor.accessTestSuiteMainPhase(TestSuiteExecutor.java:152)
	at com.kms.katalon.core.main.TestSuiteExecutor.execute(TestSuiteExecutor.java:95)
	at com.kms.katalon.core.main.TestCaseMain.startTestSuite(TestCaseMain.java:157)
	at com.kms.katalon.core.main.TestCaseMain$startTestSuite$0.call(Unknown Source)
	at TempTestSuite1611537968777.run(TempTestSuite1611537968777.groovy:39)
Caused by: org.openqa.selenium.ElementClickInterceptedException: element click intercepted: Element <a href="/tin-tuc.html">...</a> is not clickable at point (507, 56). Other element would receive the click: <div class="modal fade auth-modal show" id="auth-form-modal" tabindex="-1" role="dialog" aria-modal="true" style="padding-right: 17px; display: block;">...</div>
  (Session info: chrome=87.0.4280.141)
Build info: version: '3.141.59', revision: 'e82be7d358', time: '2018-11-14T08:25:53'
System info: host: 'SGH649TX82', ip: '192.168.182.16', os.name: 'Windows 10', os.arch: 'amd64', os.version: '10.0', java.version: '1.8.0_181'
Driver info: com.kms.katalon.selenium.driver.CChromeDriver
Capabilities {acceptInsecureCerts: false, browserName: chrome, browserVersion: 87.0.4280.141, chrome: {chromedriverVersion: 86.0.4240.22 (398b0743353ff..., userDataDir: C:\Users\PNV\AppData\Local\...}, goog:chromeOptions: {debuggerAddress: localhost:58577}, javascriptEnabled: true, networkConnectionEnabled: false, pageLoadStrategy: normal, platform: WINDOWS, platformName: WINDOWS, proxy: Proxy(), setWindowRect: true, strictFileInteractability: false, timeouts: {implicit: 0, pageLoad: 300000, script: 30000}, unhandledPromptBehavior: dismiss and notify, webauthn:virtualAuthenticators: true}
Session ID: d30608540507d16ae7432c4372501d8c
	at org.openqa.selenium.remote.http.W3CHttpResponseCodec.createException(W3CHttpResponseCodec.java:187)
	at org.openqa.selenium.remote.http.W3CHttpResponseCodec.decode(W3CHttpResponseCodec.java:122)
	at org.openqa.selenium.remote.http.W3CHttpResponseCodec.decode(W3CHttpResponseCodec.java:49)
	at org.openqa.selenium.remote.HttpCommandExecutor.execute(HttpCommandExecutor.java:158)
	at org.openqa.selenium.remote.service.DriverCommandExecutor.execute(DriverCommandExecutor.java:83)
	at org.openqa.selenium.remote.RemoteWebDriver.execute(RemoteWebDriver.java:552)
	at com.kms.katalon.selenium.driver.CChromeDriver.execute(CChromeDriver.java:19)
	at org.openqa.selenium.remote.RemoteWebElement.execute(RemoteWebElement.java:285)
	at org.openqa.selenium.remote.RemoteWebElement.click(RemoteWebElement.java:84)
	at org.openqa.selenium.support.events.EventFiringWebDriver$EventFiringWebElement.lambda$new$0(EventFiringWebDriver.java:404)
	at com.sun.proxy.$Proxy12.click(Unknown Source)
	at org.openqa.selenium.support.events.EventFiringWebDriver$EventFiringWebElement.click(EventFiringWebDriver.java:417)
	at com.kms.katalon.core.webui.keyword.builtin.ClickKeyword$_click_closure1.doCall(ClickKeyword.groovy:69)
	at com.kms.katalon.core.webui.keyword.builtin.ClickKeyword$_click_closure1.call(ClickKeyword.groovy)
	at com.kms.katalon.core.webui.keyword.internal.WebUIKeywordMain.runKeyword(WebUIKeywordMain.groovy:20)
	... 19 more


2021-01-25 08:26:52 - [TEST_STEP][PASSED] - openBrowser(""): Browser is opened with url: ''

2021-01-25 08:26:52 - [MESSAGE][INFO] - Starting 'Chrome' driver

2021-01-25 08:26:52 - [MESSAGE][INFO] - Action delay is set to 0 milliseconds

2021-01-25 08:26:58 - [MESSAGE][PASSED] - Browser is opened with url: ''

2021-01-25 08:26:58 - [TEST_STEP][PASSED] - navigateToUrl("https://www.bigc.vn/"): Navigate to 'https://www.bigc.vn/' successfully

2021-01-25 08:27:03 - [MESSAGE][PASSED] - Navigate to 'https://www.bigc.vn/' successfully

2021-01-25 08:27:03 - [TEST_STEP][PASSED] - click(findTestObject("Object Repository/LoginScript/Page_Gi lun lun thp  Big C Supercenter/a_NG NHP")): Object: 'Object Repository/LoginScript/Page_Gi lun lun thp  Big C Supercenter/a_NG NHP' is clicked on

2021-01-25 08:27:04 - [MESSAGE][PASSED] - Object: 'Object Repository/LoginScript/Page_Gi lun lun thp  Big C Supercenter/a_NG NHP' is clicked on

2021-01-25 08:27:04 - [TEST_STEP][PASSED] - setText(findTestObject("Object Repository/LoginScript/Page_Gi lun lun thp  Big C Supercenter/input_NG K_email"), username): Text 'sim@gmail.com' is set on object 'Object Repository/LoginScript/Page_Gi lun lun thp  Big C Supercenter/input_NG K_email'

2021-01-25 08:27:05 - [MESSAGE][PASSED] - Text 'sim@gmail.com' is set on object 'Object Repository/LoginScript/Page_Gi lun lun thp  Big C Supercenter/input_NG K_email'

2021-01-25 08:27:05 - [TEST_STEP][PASSED] - setEncryptedText(findTestObject("Object Repository/LoginScript/Page_Gi lun lun thp  Big C Supercenter/input_NG K_password"), password): Text ****** has been set on object 'Object Repository/LoginScript/Page_Gi lun lun thp  Big C Supercenter/input_NG K_password'

2021-01-25 08:27:05 - [MESSAGE][PASSED] - Text ****** has been set on object 'Object Repository/LoginScript/Page_Gi lun lun thp  Big C Supercenter/input_NG K_password'

2021-01-25 08:27:05 - [TEST_STEP][PASSED] - click(findTestObject("Object Repository/LoginScript/Page_Gi lun lun thp  Big C Supercenter/button_NG NHP")): Object: 'Object Repository/LoginScript/Page_Gi lun lun thp  Big C Supercenter/button_NG NHP' is clicked on

2021-01-25 08:27:06 - [MESSAGE][PASSED] - Object: 'Object Repository/LoginScript/Page_Gi lun lun thp  Big C Supercenter/button_NG NHP' is clicked on

2021-01-25 08:27:06 - [TEST_STEP][FAILED] - click(findTestObject("Object Repository/LoginScript/Page_Gi lun lun thp  Big C Supercenter/a_Tin tc Big C")): Unable to click on object 'Object Repository/LoginScript/Page_Gi lun lun thp  Big C Supercenter/a_Tin tc Big C' (Root cause: com.kms.katalon.core.exception.StepFailedException: Unable to click on object 'Object Repository/LoginScript/Page_Gi lun lun thp  Big C Supercenter/a_Tin tc Big C'
	at com.kms.katalon.core.webui.keyword.internal.WebUIKeywordMain.stepFailed(WebUIKeywordMain.groovy:64)
	at com.kms.katalon.core.webui.keyword.internal.WebUIKeywordMain.runKeyword(WebUIKeywordMain.groovy:26)
	at com.kms.katalon.core.webui.keyword.builtin.ClickKeyword.click(ClickKeyword.groovy:76)
	at com.kms.katalon.core.webui.keyword.builtin.ClickKeyword.execute(ClickKeyword.groovy:43)
	at com.kms.katalon.core.keyword.internal.KeywordExecutor.executeKeywordForPlatform(KeywordExecutor.groovy:73)
	at com.kms.katalon.core.webui.keyword.WebUiBuiltInKeywords.click(WebUiBuiltInKeywords.groovy:617)
	at com.kms.katalon.core.webui.keyword.WebUiBuiltInKeywords$click$1.call(Unknown Source)
	at TestLogin.run(TestLogin:32)
	at com.kms.katalon.core.main.ScriptEngine.run(ScriptEngine.java:194)
	at com.kms.katalon.core.main.ScriptEngine.runScriptAsRawText(ScriptEngine.java:119)
	at com.kms.katalon.core.main.TestCaseExecutor.runScript(TestCaseExecutor.java:393)
	at com.kms.katalon.core.main.TestCaseExecutor.doExecute(TestCaseExecutor.java:384)
	at com.kms.katalon.core.main.TestCaseExecutor.processExecutionPhase(TestCaseExecutor.java:363)
	at com.kms.katalon.core.main.TestCaseExecutor.accessMainPhase(TestCaseExecutor.java:355)
	at com.kms.katalon.core.main.TestCaseExecutor.execute(TestCaseExecutor.java:251)
	at com.kms.katalon.core.main.TestSuiteExecutor.accessTestCaseMainPhase(TestSuiteExecutor.java:203)
	at com.kms.katalon.core.main.TestSuiteExecutor.accessTestSuiteMainPhase(TestSuiteExecutor.java:152)
	at com.kms.katalon.core.main.TestSuiteExecutor.execute(TestSuiteExecutor.java:95)
	at com.kms.katalon.core.main.TestCaseMain.startTestSuite(TestCaseMain.java:157)
	at com.kms.katalon.core.main.TestCaseMain$startTestSuite$0.call(Unknown Source)
	at TempTestSuite1611537968777.run(TempTestSuite1611537968777.groovy:39)
Caused by: org.openqa.selenium.ElementClickInterceptedException: element click intercepted: Element <a href="/tin-tuc.html">...</a> is not clickable at point (507, 56). Other element would receive the click: <div class="modal fade auth-modal show" id="auth-form-modal" tabindex="-1" role="dialog" aria-modal="true" style="padding-right: 17px; display: block;">...</div>
  (Session info: chrome=87.0.4280.141)
Build info: version: '3.141.59', revision: 'e82be7d358', time: '2018-11-14T08:25:53'
System info: host: 'SGH649TX82', ip: '192.168.182.16', os.name: 'Windows 10', os.arch: 'amd64', os.version: '10.0', java.version: '1.8.0_181'
Driver info: com.kms.katalon.selenium.driver.CChromeDriver
Capabilities {acceptInsecureCerts: false, browserName: chrome, browserVersion: 87.0.4280.141, chrome: {chromedriverVersion: 86.0.4240.22 (398b0743353ff..., userDataDir: C:\Users\PNV\AppData\Local\...}, goog:chromeOptions: {debuggerAddress: localhost:58577}, javascriptEnabled: true, networkConnectionEnabled: false, pageLoadStrategy: normal, platform: WINDOWS, platformName: WINDOWS, proxy: Proxy(), setWindowRect: true, strictFileInteractability: false, timeouts: {implicit: 0, pageLoad: 300000, script: 30000}, unhandledPromptBehavior: dismiss and notify, webauthn:virtualAuthenticators: true}
Session ID: d30608540507d16ae7432c4372501d8c
	at org.openqa.selenium.remote.http.W3CHttpResponseCodec.createException(W3CHttpResponseCodec.java:187)
	at org.openqa.selenium.remote.http.W3CHttpResponseCodec.decode(W3CHttpResponseCodec.java:122)
	at org.openqa.selenium.remote.http.W3CHttpResponseCodec.decode(W3CHttpResponseCodec.java:49)
	at org.openqa.selenium.remote.HttpCommandExecutor.execute(HttpCommandExecutor.java:158)
	at org.openqa.selenium.remote.service.DriverCommandExecutor.execute(DriverCommandExecutor.java:83)
	at org.openqa.selenium.remote.RemoteWebDriver.execute(RemoteWebDriver.java:552)
	at com.kms.katalon.selenium.driver.CChromeDriver.execute(CChromeDriver.java:19)
	at org.openqa.selenium.remote.RemoteWebElement.execute(RemoteWebElement.java:285)
	at org.openqa.selenium.remote.RemoteWebElement.click(RemoteWebElement.java:84)
	at org.openqa.selenium.support.events.EventFiringWebDriver$EventFiringWebElement.lambda$new$0(EventFiringWebDriver.java:404)
	at com.sun.proxy.$Proxy12.click(Unknown Source)
	at org.openqa.selenium.support.events.EventFiringWebDriver$EventFiringWebElement.click(EventFiringWebDriver.java:417)
	at com.kms.katalon.core.webui.keyword.builtin.ClickKeyword$_click_closure1.doCall(ClickKeyword.groovy:69)
	at com.kms.katalon.core.webui.keyword.builtin.ClickKeyword$_click_closure1.call(ClickKeyword.groovy)
	at com.kms.katalon.core.webui.keyword.internal.WebUIKeywordMain.runKeyword(WebUIKeywordMain.groovy:20)
	at com.kms.katalon.core.webui.keyword.builtin.ClickKeyword.click(ClickKeyword.groovy:76)
	at com.kms.katalon.core.webui.keyword.builtin.ClickKeyword.execute(ClickKeyword.groovy:43)
	at com.kms.katalon.core.keyword.internal.KeywordExecutor.executeKeywordForPlatform(KeywordExecutor.groovy:73)
	at com.kms.katalon.core.webui.keyword.WebUiBuiltInKeywords.click(WebUiBuiltInKeywords.groovy:617)
	at com.kms.katalon.core.webui.keyword.WebUiBuiltInKeywords$click$1.call(Unknown Source)
	at Script1611537571725.run(Script1611537571725.groovy:32)
	... 13 more
)

2021-01-25 08:27:08 - [MESSAGE][FAILED] - Unable to click on object 'Object Repository/LoginScript/Page_Gi lun lun thp  Big C Supercenter/a_Tin tc Big C' (Root cause: com.kms.katalon.core.exception.StepFailedException: Unable to click on object 'Object Repository/LoginScript/Page_Gi lun lun thp  Big C Supercenter/a_Tin tc Big C'
	at com.kms.katalon.core.webui.keyword.internal.WebUIKeywordMain.stepFailed(WebUIKeywordMain.groovy:64)
	at com.kms.katalon.core.webui.keyword.internal.WebUIKeywordMain.runKeyword(WebUIKeywordMain.groovy:26)
	at com.kms.katalon.core.webui.keyword.builtin.ClickKeyword.click(ClickKeyword.groovy:76)
	at com.kms.katalon.core.webui.keyword.builtin.ClickKeyword.execute(ClickKeyword.groovy:43)
	at com.kms.katalon.core.keyword.internal.KeywordExecutor.executeKeywordForPlatform(KeywordExecutor.groovy:73)
	at com.kms.katalon.core.webui.keyword.WebUiBuiltInKeywords.click(WebUiBuiltInKeywords.groovy:617)
	at com.kms.katalon.core.webui.keyword.WebUiBuiltInKeywords$click$1.call(Unknown Source)
	at TestLogin.run(TestLogin:32)
	at com.kms.katalon.core.main.ScriptEngine.run(ScriptEngine.java:194)
	at com.kms.katalon.core.main.ScriptEngine.runScriptAsRawText(ScriptEngine.java:119)
	at com.kms.katalon.core.main.TestCaseExecutor.runScript(TestCaseExecutor.java:393)
	at com.kms.katalon.core.main.TestCaseExecutor.doExecute(TestCaseExecutor.java:384)
	at com.kms.katalon.core.main.TestCaseExecutor.processExecutionPhase(TestCaseExecutor.java:363)
	at com.kms.katalon.core.main.TestCaseExecutor.accessMainPhase(TestCaseExecutor.java:355)
	at com.kms.katalon.core.main.TestCaseExecutor.execute(TestCaseExecutor.java:251)
	at com.kms.katalon.core.main.TestSuiteExecutor.accessTestCaseMainPhase(TestSuiteExecutor.java:203)
	at com.kms.katalon.core.main.TestSuiteExecutor.accessTestSuiteMainPhase(TestSuiteExecutor.java:152)
	at com.kms.katalon.core.main.TestSuiteExecutor.execute(TestSuiteExecutor.java:95)
	at com.kms.katalon.core.main.TestCaseMain.startTestSuite(TestCaseMain.java:157)
	at com.kms.katalon.core.main.TestCaseMain$startTestSuite$0.call(Unknown Source)
	at TempTestSuite1611537968777.run(TempTestSuite1611537968777.groovy:39)
Caused by: org.openqa.selenium.ElementClickInterceptedException: element click intercepted: Element <a href="/tin-tuc.html">...</a> is not clickable at point (507, 56). Other element would receive the click: <div class="modal fade auth-modal show" id="auth-form-modal" tabindex="-1" role="dialog" aria-modal="true" style="padding-right: 17px; display: block;">...</div>
  (Session info: chrome=87.0.4280.141)
Build info: version: '3.141.59', revision: 'e82be7d358', time: '2018-11-14T08:25:53'
System info: host: 'SGH649TX82', ip: '192.168.182.16', os.name: 'Windows 10', os.arch: 'amd64', os.version: '10.0', java.version: '1.8.0_181'
Driver info: com.kms.katalon.selenium.driver.CChromeDriver
Capabilities {acceptInsecureCerts: false, browserName: chrome, browserVersion: 87.0.4280.141, chrome: {chromedriverVersion: 86.0.4240.22 (398b0743353ff..., userDataDir: C:\Users\PNV\AppData\Local\...}, goog:chromeOptions: {debuggerAddress: localhost:58577}, javascriptEnabled: true, networkConnectionEnabled: false, pageLoadStrategy: normal, platform: WINDOWS, platformName: WINDOWS, proxy: Proxy(), setWindowRect: true, strictFileInteractability: false, timeouts: {implicit: 0, pageLoad: 300000, script: 30000}, unhandledPromptBehavior: dismiss and notify, webauthn:virtualAuthenticators: true}
Session ID: d30608540507d16ae7432c4372501d8c
	at org.openqa.selenium.remote.http.W3CHttpResponseCodec.createException(W3CHttpResponseCodec.java:187)
	at org.openqa.selenium.remote.http.W3CHttpResponseCodec.decode(W3CHttpResponseCodec.java:122)
	at org.openqa.selenium.remote.http.W3CHttpResponseCodec.decode(W3CHttpResponseCodec.java:49)
	at org.openqa.selenium.remote.HttpCommandExecutor.execute(HttpCommandExecutor.java:158)
	at org.openqa.selenium.remote.service.DriverCommandExecutor.execute(DriverCommandExecutor.java:83)
	at org.openqa.selenium.remote.RemoteWebDriver.execute(RemoteWebDriver.java:552)
	at com.kms.katalon.selenium.driver.CChromeDriver.execute(CChromeDriver.java:19)
	at org.openqa.selenium.remote.RemoteWebElement.execute(RemoteWebElement.java:285)
	at org.openqa.selenium.remote.RemoteWebElement.click(RemoteWebElement.java:84)
	at org.openqa.selenium.support.events.EventFiringWebDriver$EventFiringWebElement.lambda$new$0(EventFiringWebDriver.java:404)
	at com.sun.proxy.$Proxy12.click(Unknown Source)
	at org.openqa.selenium.support.events.EventFiringWebDriver$EventFiringWebElement.click(EventFiringWebDriver.java:417)
	at com.kms.katalon.core.webui.keyword.builtin.ClickKeyword$_click_closure1.doCall(ClickKeyword.groovy:69)
	at com.kms.katalon.core.webui.keyword.builtin.ClickKeyword$_click_closure1.call(ClickKeyword.groovy)
	at com.kms.katalon.core.webui.keyword.internal.WebUIKeywordMain.runKeyword(WebUIKeywordMain.groovy:20)
	at com.kms.katalon.core.webui.keyword.builtin.ClickKeyword.click(ClickKeyword.groovy:76)
	at com.kms.katalon.core.webui.keyword.builtin.ClickKeyword.execute(ClickKeyword.groovy:43)
	at com.kms.katalon.core.keyword.internal.KeywordExecutor.executeKeywordForPlatform(KeywordExecutor.groovy:73)
	at com.kms.katalon.core.webui.keyword.WebUiBuiltInKeywords.click(WebUiBuiltInKeywords.groovy:617)
	at com.kms.katalon.core.webui.keyword.WebUiBuiltInKeywords$click$1.call(Unknown Source)
	at Script1611537571725.run(Script1611537571725.groovy:32)
	... 13 more
)
[[ATTACHMENT|C:\\Users\\PNV\\git\\BigC_KatalonGit\\BigC_KatalonGit\\BigC_KatalonGit\\Reports\\20210125_082608\\LoginTestSuite\\20210125_082608\\1611538027803.png]]]]></system-out>
         <system-err><![CDATA[2021-01-25 08:26:52 - [TEST_CASE][FAILED] - Test Cases/Login/TestLogin: Test Cases/Login/TestLogin FAILED.
Reason:
com.kms.katalon.core.exception.StepFailedException: Unable to click on object 'Object Repository/LoginScript/Page_Gi lun lun thp  Big C Supercenter/a_Tin tc Big C'
	at com.kms.katalon.core.webui.keyword.internal.WebUIKeywordMain.stepFailed(WebUIKeywordMain.groovy:64)
	at com.kms.katalon.core.webui.keyword.internal.WebUIKeywordMain.runKeyword(WebUIKeywordMain.groovy:26)
	at com.kms.katalon.core.webui.keyword.builtin.ClickKeyword.click(ClickKeyword.groovy:76)
	at com.kms.katalon.core.webui.keyword.builtin.ClickKeyword.execute(ClickKeyword.groovy:43)
	at com.kms.katalon.core.keyword.internal.KeywordExecutor.executeKeywordForPlatform(KeywordExecutor.groovy:73)
	at com.kms.katalon.core.webui.keyword.WebUiBuiltInKeywords.click(WebUiBuiltInKeywords.groovy:617)
	at com.kms.katalon.core.webui.keyword.WebUiBuiltInKeywords$click$1.call(Unknown Source)
	at TestLogin.run(TestLogin:32)
	at com.kms.katalon.core.main.ScriptEngine.run(ScriptEngine.java:194)
	at com.kms.katalon.core.main.ScriptEngine.runScriptAsRawText(ScriptEngine.java:119)
	at com.kms.katalon.core.main.TestCaseExecutor.runScript(TestCaseExecutor.java:393)
	at com.kms.katalon.core.main.TestCaseExecutor.doExecute(TestCaseExecutor.java:384)
	at com.kms.katalon.core.main.TestCaseExecutor.processExecutionPhase(TestCaseExecutor.java:363)
	at com.kms.katalon.core.main.TestCaseExecutor.accessMainPhase(TestCaseExecutor.java:355)
	at com.kms.katalon.core.main.TestCaseExecutor.execute(TestCaseExecutor.java:251)
	at com.kms.katalon.core.main.TestSuiteExecutor.accessTestCaseMainPhase(TestSuiteExecutor.java:203)
	at com.kms.katalon.core.main.TestSuiteExecutor.accessTestSuiteMainPhase(TestSuiteExecutor.java:152)
	at com.kms.katalon.core.main.TestSuiteExecutor.execute(TestSuiteExecutor.java:95)
	at com.kms.katalon.core.main.TestCaseMain.startTestSuite(TestCaseMain.java:157)
	at com.kms.katalon.core.main.TestCaseMain$startTestSuite$0.call(Unknown Source)
	at TempTestSuite1611537968777.run(TempTestSuite1611537968777.groovy:39)
Caused by: org.openqa.selenium.ElementClickInterceptedException: element click intercepted: Element <a href="/tin-tuc.html">...</a> is not clickable at point (507, 56). Other element would receive the click: <div class="modal fade auth-modal show" id="auth-form-modal" tabindex="-1" role="dialog" aria-modal="true" style="padding-right: 17px; display: block;">...</div>
  (Session info: chrome=87.0.4280.141)
Build info: version: '3.141.59', revision: 'e82be7d358', time: '2018-11-14T08:25:53'
System info: host: 'SGH649TX82', ip: '192.168.182.16', os.name: 'Windows 10', os.arch: 'amd64', os.version: '10.0', java.version: '1.8.0_181'
Driver info: com.kms.katalon.selenium.driver.CChromeDriver
Capabilities {acceptInsecureCerts: false, browserName: chrome, browserVersion: 87.0.4280.141, chrome: {chromedriverVersion: 86.0.4240.22 (398b0743353ff..., userDataDir: C:\Users\PNV\AppData\Local\...}, goog:chromeOptions: {debuggerAddress: localhost:58577}, javascriptEnabled: true, networkConnectionEnabled: false, pageLoadStrategy: normal, platform: WINDOWS, platformName: WINDOWS, proxy: Proxy(), setWindowRect: true, strictFileInteractability: false, timeouts: {implicit: 0, pageLoad: 300000, script: 30000}, unhandledPromptBehavior: dismiss and notify, webauthn:virtualAuthenticators: true}
Session ID: d30608540507d16ae7432c4372501d8c
	at org.openqa.selenium.remote.http.W3CHttpResponseCodec.createException(W3CHttpResponseCodec.java:187)
	at org.openqa.selenium.remote.http.W3CHttpResponseCodec.decode(W3CHttpResponseCodec.java:122)
	at org.openqa.selenium.remote.http.W3CHttpResponseCodec.decode(W3CHttpResponseCodec.java:49)
	at org.openqa.selenium.remote.HttpCommandExecutor.execute(HttpCommandExecutor.java:158)
	at org.openqa.selenium.remote.service.DriverCommandExecutor.execute(DriverCommandExecutor.java:83)
	at org.openqa.selenium.remote.RemoteWebDriver.execute(RemoteWebDriver.java:552)
	at com.kms.katalon.selenium.driver.CChromeDriver.execute(CChromeDriver.java:19)
	at org.openqa.selenium.remote.RemoteWebElement.execute(RemoteWebElement.java:285)
	at org.openqa.selenium.remote.RemoteWebElement.click(RemoteWebElement.java:84)
	at org.openqa.selenium.support.events.EventFiringWebDriver$EventFiringWebElement.lambda$new$0(EventFiringWebDriver.java:404)
	at com.sun.proxy.$Proxy12.click(Unknown Source)
	at org.openqa.selenium.support.events.EventFiringWebDriver$EventFiringWebElement.click(EventFiringWebDriver.java:417)
	at com.kms.katalon.core.webui.keyword.builtin.ClickKeyword$_click_closure1.doCall(ClickKeyword.groovy:69)
	at com.kms.katalon.core.webui.keyword.builtin.ClickKeyword$_click_closure1.call(ClickKeyword.groovy)
	at com.kms.katalon.core.webui.keyword.internal.WebUIKeywordMain.runKeyword(WebUIKeywordMain.groovy:20)
	... 19 more]]></system-err>
      </testcase>
      <system-out><![CDATA[2021-01-25 08:26:11 - [TEST_SUITE][INCOMPLETE] - LoginTestSuite: null]]></system-out>
      <system-err><![CDATA[2021-01-25 08:26:11 - [TEST_SUITE][INCOMPLETE] - LoginTestSuite: null]]></system-err>
   </testsuite>
</testsuites>
